2019-07-23 23:29:49.071  INFO 15057 --- [           main] s.c.a.AnnotationConfigApplicationContext : Refreshing org.springframework.context.annotation.AnnotationConfigApplicationContext@5e3d13f8: startup date [Tue Jul 23 23:29:49 CST 2019]; root of context hierarchy
WARNING: An illegal reflective access operation has occurred
WARNING: Illegal reflective access by org.springframework.cglib.core.ReflectUtils$1 (jar:file:/Users/guangbin/dev/sts/SpringBootReview/sbr-Eureka/target/sbr-Eureka.jar!/lib/spring-core-5.0.9.RELEASE.jar!/) to method java.lang.ClassLoader.defineClass(java.lang.String,byte[],int,int,java.security.ProtectionDomain)
WARNING: Please consider reporting this to the maintainers of org.springframework.cglib.core.ReflectUtils$1
WARNING: Use --illegal-access=warn to enable warnings of further illegal reflective access operations
WARNING: All illegal access operations will be denied in a future release
2019-07-23 23:29:49.517  INFO 15057 --- [           main] f.a.AutowiredAnnotationBeanPostProcessor : JSR-330 'javax.inject.Inject' annotation found and supported for autowiring
2019-07-23 23:29:49.628  INFO 15057 --- [           main] trationDelegate$BeanPostProcessorChecker : Bean 'configurationPropertiesRebinderAutoConfiguration' of type [org.springframework.cloud.autoconfigure.ConfigurationPropertiesRebinderAutoConfiguration$$EnhancerBySpringCGLIB$$42d73798] is not eligible for getting processed by all BeanPostProcessors (for example: not eligible for auto-proxying)

  .   ____          _            __ _ _
 /\\ / ___'_ __ _ _(_)_ __  __ _ \ \ \ \
( ( )\___ | '_ | '_| | '_ \/ _` | \ \ \ \
 \\/  ___)| |_)| | | | | || (_| |  ) ) ) )
  '  |____| .__|_| |_|_| |_\__, | / / / /
 =========|_|==============|___/=/_/_/_/
 :: Spring Boot ::        (v2.0.5.RELEASE)

2019-07-23 23:29:49.916  INFO 15057 --- [           main] org.sbr.Eureka.EurekaApplication         : No active profile set, falling back to default profiles: default
2019-07-23 23:29:49.939  INFO 15057 --- [           main] ConfigServletWebServerApplicationContext : Refreshing org.springframework.boot.web.servlet.context.AnnotationConfigServletWebServerApplicationContext@5bf8e9f1: startup date [Tue Jul 23 23:29:49 CST 2019]; parent: org.springframework.context.annotation.AnnotationConfigApplicationContext@5e3d13f8
2019-07-23 23:29:51.378  INFO 15057 --- [           main] o.s.cloud.context.scope.GenericScope     : BeanFactory id=774fc008-ca20-30b3-9a7f-36cfeda99f6c
2019-07-23 23:29:51.414  INFO 15057 --- [           main] f.a.AutowiredAnnotationBeanPostProcessor : JSR-330 'javax.inject.Inject' annotation found and supported for autowiring
2019-07-23 23:29:51.630  INFO 15057 --- [           main] trationDelegate$BeanPostProcessorChecker : Bean 'org.springframework.cloud.autoconfigure.ConfigurationPropertiesRebinderAutoConfiguration' of type [org.springframework.cloud.autoconfigure.ConfigurationPropertiesRebinderAutoConfiguration$$EnhancerBySpringCGLIB$$42d73798] is not eligible for getting processed by all BeanPostProcessors (for example: not eligible for auto-proxying)
2019-07-23 23:29:52.265  INFO 15057 --- [           main] o.s.b.w.embedded.tomcat.TomcatWebServer  : Tomcat initialized with port(s): 8567 (http)
2019-07-23 23:29:52.301  INFO 15057 --- [           main] o.apache.catalina.core.StandardService   : Starting service [Tomcat]
2019-07-23 23:29:52.302  INFO 15057 --- [           main] org.apache.catalina.core.StandardEngine  : Starting Servlet Engine: Apache Tomcat/8.5.34
2019-07-23 23:29:52.315  INFO 15057 --- [ost-startStop-1] o.a.catalina.core.AprLifecycleListener   : The APR based Apache Tomcat Native library which allows optimal performance in production environments was not found on the java.library.path: [/Users/guangbin/Library/Java/Extensions:/Library/Java/Extensions:/Network/Library/Java/Extensions:/System/Library/Java/Extensions:/usr/lib/java:.]
2019-07-23 23:29:52.434  INFO 15057 --- [ost-startStop-1] o.a.c.c.C.[Tomcat].[localhost].[/]       : Initializing Spring embedded WebApplicationContext
2019-07-23 23:29:52.434  INFO 15057 --- [ost-startStop-1] o.s.web.context.ContextLoader            : Root WebApplicationContext: initialization completed in 2495 ms
2019-07-23 23:29:52.733  WARN 15057 --- [ost-startStop-1] c.n.c.sources.URLConfigurationSource     : No URLs will be polled as dynamic configuration sources.
2019-07-23 23:29:52.734  INFO 15057 --- [ost-startStop-1] c.n.c.sources.URLConfigurationSource     : To enable URLs as dynamic configuration sources, define System property archaius.configurationSource.additionalUrls or make config.properties available on classpath.
2019-07-23 23:29:52.756  INFO 15057 --- [ost-startStop-1] c.netflix.config.DynamicPropertyFactory  : DynamicPropertyFactory is initialized with configuration sources: com.netflix.config.ConcurrentCompositeConfiguration@7588cc7e
2019-07-23 23:29:54.141  INFO 15057 --- [ost-startStop-1] o.s.b.w.servlet.FilterRegistrationBean   : Mapping filter: 'characterEncodingFilter' to: [/*]
2019-07-23 23:29:54.141  INFO 15057 --- [ost-startStop-1] o.s.b.w.servlet.FilterRegistrationBean   : Mapping filter: 'webMvcMetricsFilter' to: [/*]
2019-07-23 23:29:54.141  INFO 15057 --- [ost-startStop-1] o.s.b.w.servlet.FilterRegistrationBean   : Mapping filter: 'hiddenHttpMethodFilter' to: [/*]
2019-07-23 23:29:54.141  INFO 15057 --- [ost-startStop-1] o.s.b.w.servlet.FilterRegistrationBean   : Mapping filter: 'httpPutFormContentFilter' to: [/*]
2019-07-23 23:29:54.141  INFO 15057 --- [ost-startStop-1] o.s.b.w.servlet.FilterRegistrationBean   : Mapping filter: 'requestContextFilter' to: [/*]
2019-07-23 23:29:54.142  INFO 15057 --- [ost-startStop-1] o.s.b.w.servlet.FilterRegistrationBean   : Mapping filter: 'httpTraceFilter' to: [/*]
2019-07-23 23:29:54.142  INFO 15057 --- [ost-startStop-1] o.s.b.w.servlet.FilterRegistrationBean   : Mapping filter: 'servletContainer' to urls: [/eureka/*]
2019-07-23 23:29:54.142  INFO 15057 --- [ost-startStop-1] o.s.b.w.servlet.ServletRegistrationBean  : Servlet dispatcherServlet mapped to [/]
2019-07-23 23:29:54.285  INFO 15057 --- [ost-startStop-1] c.s.j.s.i.a.WebApplicationImpl           : Initiating Jersey application, version 'Jersey: 1.19.1 03/11/2016 02:08 PM'
2019-07-23 23:29:54.376  INFO 15057 --- [ost-startStop-1] c.n.d.provider.DiscoveryJerseyProvider   : Using JSON encoding codec LegacyJacksonJson
2019-07-23 23:29:54.378  INFO 15057 --- [ost-startStop-1] c.n.d.provider.DiscoveryJerseyProvider   : Using JSON decoding codec LegacyJacksonJson
2019-07-23 23:29:54.597  INFO 15057 --- [ost-startStop-1] c.n.d.provider.DiscoveryJerseyProvider   : Using XML encoding codec XStreamXml
2019-07-23 23:29:54.598  INFO 15057 --- [ost-startStop-1] c.n.d.provider.DiscoveryJerseyProvider   : Using XML decoding codec XStreamXml
2019-07-23 23:29:55.254  WARN 15057 --- [           main] c.n.c.sources.URLConfigurationSource     : No URLs will be polled as dynamic configuration sources.
2019-07-23 23:29:55.254  INFO 15057 --- [           main] c.n.c.sources.URLConfigurationSource     : To enable URLs as dynamic configuration sources, define System property archaius.configurationSource.additionalUrls or make config.properties available on classpath.
2019-07-23 23:29:55.399  INFO 15057 --- [           main] o.s.w.s.handler.SimpleUrlHandlerMapping  : Mapped URL path [/**/favicon.ico] onto handler of type [class org.springframework.web.servlet.resource.ResourceHttpRequestHandler]
2019-07-23 23:29:55.741  INFO 15057 --- [           main] s.w.s.m.m.a.RequestMappingHandlerAdapter : Looking for @ControllerAdvice: org.springframework.boot.web.servlet.context.AnnotationConfigServletWebServerApplicationContext@5bf8e9f1: startup date [Tue Jul 23 23:29:49 CST 2019]; parent: org.springframework.context.annotation.AnnotationConfigApplicationContext@5e3d13f8
2019-07-23 23:29:55.840  INFO 15057 --- [           main] s.w.s.m.m.a.RequestMappingHandlerMapping : Mapped "{[/error]}" onto public org.springframework.http.ResponseEntity<java.util.Map<java.lang.String, java.lang.Object>> org.springframework.boot.autoconfigure.web.servlet.error.BasicErrorController.error(javax.servlet.http.HttpServletRequest)
2019-07-23 23:29:55.841  INFO 15057 --- [           main] s.w.s.m.m.a.RequestMappingHandlerMapping : Mapped "{[/error],produces=[text/html]}" onto public org.springframework.web.servlet.ModelAndView org.springframework.boot.autoconfigure.web.servlet.error.BasicErrorController.errorHtml(javax.servlet.http.HttpServletRequest,javax.servlet.http.HttpServletResponse)
2019-07-23 23:29:55.848  INFO 15057 --- [           main] s.w.s.m.m.a.RequestMappingHandlerMapping : Mapped "{[/],methods=[GET]}" onto public java.lang.String org.springframework.cloud.netflix.eureka.server.EurekaController.status(javax.servlet.http.HttpServletRequest,java.util.Map<java.lang.String, java.lang.Object>)
2019-07-23 23:29:55.848  INFO 15057 --- [           main] s.w.s.m.m.a.RequestMappingHandlerMapping : Mapped "{[/lastn],methods=[GET]}" onto public java.lang.String org.springframework.cloud.netflix.eureka.server.EurekaController.lastn(javax.servlet.http.HttpServletRequest,java.util.Map<java.lang.String, java.lang.Object>)
2019-07-23 23:29:55.895  INFO 15057 --- [           main] o.s.w.s.handler.SimpleUrlHandlerMapping  : Mapped URL path [/webjars/**] onto handler of type [class org.springframework.web.servlet.resource.ResourceHttpRequestHandler]
2019-07-23 23:29:55.895  INFO 15057 --- [           main] o.s.w.s.handler.SimpleUrlHandlerMapping  : Mapped URL path [/**] onto handler of type [class org.springframework.web.servlet.resource.ResourceHttpRequestHandler]
2019-07-23 23:29:56.699  INFO 15057 --- [           main] o.s.ui.freemarker.SpringTemplateLoader   : SpringTemplateLoader for FreeMarker: using resource loader [org.springframework.boot.web.servlet.context.AnnotationConfigServletWebServerApplicationContext@5bf8e9f1: startup date [Tue Jul 23 23:29:49 CST 2019]; parent: org.springframework.context.annotation.AnnotationConfigApplicationContext@5e3d13f8] and template loader path [classpath:/templates/]
2019-07-23 23:29:56.700  INFO 15057 --- [           main] o.s.w.s.v.f.FreeMarkerConfigurer         : ClassTemplateLoader for Spring macros added to FreeMarker configuration
2019-07-23 23:29:57.114  INFO 15057 --- [           main] o.s.c.n.eureka.InstanceInfoFactory       : Setting initial instance status as: STARTING
2019-07-23 23:29:57.190  INFO 15057 --- [           main] com.netflix.discovery.DiscoveryClient    : Initializing Eureka in region us-east-1
2019-07-23 23:29:57.190  INFO 15057 --- [           main] com.netflix.discovery.DiscoveryClient    : Client configured to neither register nor query for data.
2019-07-23 23:29:57.220  INFO 15057 --- [           main] com.netflix.discovery.DiscoveryClient    : Discovery Client initialized at timestamp 1563895797218 with initial instances count: 0
2019-07-23 23:29:57.335  INFO 15057 --- [           main] c.n.eureka.DefaultEurekaServerContext    : Initializing ...
2019-07-23 23:29:57.341  INFO 15057 --- [           main] c.n.eureka.cluster.PeerEurekaNodes       : Adding new peer nodes [http://127.0.0.1:8567/eureka/]
2019-07-23 23:29:57.597  INFO 15057 --- [           main] c.n.d.provider.DiscoveryJerseyProvider   : Using JSON encoding codec LegacyJacksonJson
2019-07-23 23:29:57.597  INFO 15057 --- [           main] c.n.d.provider.DiscoveryJerseyProvider   : Using JSON decoding codec LegacyJacksonJson
2019-07-23 23:29:57.597  INFO 15057 --- [           main] c.n.d.provider.DiscoveryJerseyProvider   : Using XML encoding codec XStreamXml
2019-07-23 23:29:57.597  INFO 15057 --- [           main] c.n.d.provider.DiscoveryJerseyProvider   : Using XML decoding codec XStreamXml
2019-07-23 23:29:57.766  INFO 15057 --- [           main] c.n.eureka.cluster.PeerEurekaNodes       : Replica node URL:  http://127.0.0.1:8567/eureka/
2019-07-23 23:29:57.778  INFO 15057 --- [           main] c.n.e.registry.AbstractInstanceRegistry  : Finished initializing remote region registries. All known remote regions: []
2019-07-23 23:29:57.779  INFO 15057 --- [           main] c.n.eureka.DefaultEurekaServerContext    : Initialized
2019-07-23 23:29:57.880  INFO 15057 --- [           main] o.s.b.a.e.web.EndpointLinksResolver      : Exposing 2 endpoint(s) beneath base path '/actuator'
2019-07-23 23:29:57.933  INFO 15057 --- [           main] s.b.a.e.w.s.WebMvcEndpointHandlerMapping : Mapped "{[/actuator/health],methods=[GET],produces=[application/vnd.spring-boot.actuator.v2+json || application/json]}" onto public java.lang.Object org.springframework.boot.actuate.endpoint.web.servlet.AbstractWebMvcEndpointHandlerMapping$OperationHandler.handle(javax.servlet.http.HttpServletRequest,java.util.Map<java.lang.String, java.lang.String>)
2019-07-23 23:29:57.935  INFO 15057 --- [           main] s.b.a.e.w.s.WebMvcEndpointHandlerMapping : Mapped "{[/actuator/info],methods=[GET],produces=[application/vnd.spring-boot.actuator.v2+json || application/json]}" onto public java.lang.Object org.springframework.boot.actuate.endpoint.web.servlet.AbstractWebMvcEndpointHandlerMapping$OperationHandler.handle(javax.servlet.http.HttpServletRequest,java.util.Map<java.lang.String, java.lang.String>)
2019-07-23 23:29:57.936  INFO 15057 --- [           main] s.b.a.e.w.s.WebMvcEndpointHandlerMapping : Mapped "{[/actuator],methods=[GET],produces=[application/vnd.spring-boot.actuator.v2+json || application/json]}" onto protected java.util.Map<java.lang.String, java.util.Map<java.lang.String, org.springframework.boot.actuate.endpoint.web.Link>> org.springframework.boot.actuate.endpoint.web.servlet.WebMvcEndpointHandlerMapping.links(javax.servlet.http.HttpServletRequest,javax.servlet.http.HttpServletResponse)
2019-07-23 23:29:58.043  INFO 15057 --- [           main] o.s.j.e.a.AnnotationMBeanExporter        : Registering beans for JMX exposure on startup
2019-07-23 23:29:58.058  INFO 15057 --- [           main] o.s.j.e.a.AnnotationMBeanExporter        : Bean with name 'environmentManager' has been autodetected for JMX exposure
2019-07-23 23:29:58.059  INFO 15057 --- [           main] o.s.j.e.a.AnnotationMBeanExporter        : Bean with name 'refreshScope' has been autodetected for JMX exposure
2019-07-23 23:29:58.060  INFO 15057 --- [           main] o.s.j.e.a.AnnotationMBeanExporter        : Bean with name 'configurationPropertiesRebinder' has been autodetected for JMX exposure
2019-07-23 23:29:58.065  INFO 15057 --- [           main] o.s.j.e.a.AnnotationMBeanExporter        : Located managed bean 'environmentManager': registering with JMX server as MBean [org.springframework.cloud.context.environment:name=environmentManager,type=EnvironmentManager]
2019-07-23 23:29:58.080  INFO 15057 --- [           main] o.s.j.e.a.AnnotationMBeanExporter        : Located managed bean 'refreshScope': registering with JMX server as MBean [org.springframework.cloud.context.scope.refresh:name=refreshScope,type=RefreshScope]
2019-07-23 23:29:58.110  INFO 15057 --- [           main] o.s.j.e.a.AnnotationMBeanExporter        : Located managed bean 'configurationPropertiesRebinder': registering with JMX server as MBean [org.springframework.cloud.context.properties:name=configurationPropertiesRebinder,context=5bf8e9f1,type=ConfigurationPropertiesRebinder]
2019-07-23 23:29:58.132  INFO 15057 --- [           main] o.s.c.support.DefaultLifecycleProcessor  : Starting beans in phase 0
2019-07-23 23:29:58.132  INFO 15057 --- [           main] o.s.c.n.e.s.EurekaServiceRegistry        : Registering application sbr-eureka with eureka with status UP
2019-07-23 23:29:58.136  INFO 15057 --- [      Thread-13] o.s.c.n.e.server.EurekaServerBootstrap   : Setting the eureka configuration..
2019-07-23 23:29:58.137  INFO 15057 --- [      Thread-13] o.s.c.n.e.server.EurekaServerBootstrap   : Eureka data center value eureka.datacenter is not set, defaulting to default
2019-07-23 23:29:58.137  INFO 15057 --- [      Thread-13] o.s.c.n.e.server.EurekaServerBootstrap   : Eureka environment value eureka.environment is not set, defaulting to test
2019-07-23 23:29:58.156  INFO 15057 --- [      Thread-13] o.s.c.n.e.server.EurekaServerBootstrap   : isAws returned false
2019-07-23 23:29:58.156  INFO 15057 --- [      Thread-13] o.s.c.n.e.server.EurekaServerBootstrap   : Initialized server context
2019-07-23 23:29:58.156  INFO 15057 --- [      Thread-13] c.n.e.r.PeerAwareInstanceRegistryImpl    : Got 1 instances from neighboring DS node
2019-07-23 23:29:58.156  INFO 15057 --- [      Thread-13] c.n.e.r.PeerAwareInstanceRegistryImpl    : Renew threshold is: 1
2019-07-23 23:29:58.156  INFO 15057 --- [      Thread-13] c.n.e.r.PeerAwareInstanceRegistryImpl    : Changing status to UP
2019-07-23 23:29:58.166  INFO 15057 --- [      Thread-13] e.s.EurekaServerInitializerConfiguration : Started Eureka Server
2019-07-23 23:29:58.218  INFO 15057 --- [           main] o.s.b.w.embedded.tomcat.TomcatWebServer  : Tomcat started on port(s): 8567 (http) with context path ''
2019-07-23 23:29:58.219  INFO 15057 --- [           main] .s.c.n.e.s.EurekaAutoServiceRegistration : Updating port to 8567
2019-07-23 23:29:58.224  INFO 15057 --- [           main] org.sbr.Eureka.EurekaApplication         : Started EurekaApplication in 10.047 seconds (JVM running for 11.21)
2019-07-23 23:30:55.773  INFO 15057 --- [nio-8567-exec-1] o.a.c.c.C.[Tomcat].[localhost].[/]       : Initializing Spring FrameworkServlet 'dispatcherServlet'
2019-07-23 23:30:55.775  INFO 15057 --- [nio-8567-exec-1] o.s.web.servlet.DispatcherServlet        : FrameworkServlet 'dispatcherServlet': initialization started
2019-07-23 23:30:56.021  INFO 15057 --- [nio-8567-exec-1] o.s.web.servlet.DispatcherServlet        : FrameworkServlet 'dispatcherServlet': initialization completed in 246 ms
2019-07-23 23:30:58.162  INFO 15057 --- [a-EvictionTimer] c.n.e.registry.AbstractInstanceRegistry  : Running the evict task with compensationTime 0ms
2019-07-23 23:31:58.174  INFO 15057 --- [a-EvictionTimer] c.n.e.registry.AbstractInstanceRegistry  : Running the evict task with compensationTime 4ms
2019-07-23 23:32:58.170  INFO 15057 --- [a-EvictionTimer] c.n.e.registry.AbstractInstanceRegistry  : Running the evict task with compensationTime 2ms
2019-07-23 23:33:58.176  INFO 15057 --- [a-EvictionTimer] c.n.e.registry.AbstractInstanceRegistry  : Running the evict task with compensationTime 5ms
2019-07-23 23:34:58.179  INFO 15057 --- [a-EvictionTimer] c.n.e.registry.AbstractInstanceRegistry  : Running the evict task with compensationTime 3ms
2019-07-23 23:35:58.183  INFO 15057 --- [a-EvictionTimer] c.n.e.registry.AbstractInstanceRegistry  : Running the evict task with compensationTime 2ms
2019-07-23 23:36:25.329  INFO 15057 --- [nio-8567-exec-7] c.n.e.registry.AbstractInstanceRegistry  : Registered instance RPOVIDER-SERVICE1-HELLO/guangbindembp.lan:RPOVIDER-SERVICE1-HELLO:8568 with status UP (replication=false)
2019-07-23 23:36:26.142  INFO 15057 --- [nio-8567-exec-8] c.n.e.registry.AbstractInstanceRegistry  : Registered instance RPOVIDER-SERVICE1-HELLO/guangbindembp.lan:RPOVIDER-SERVICE1-HELLO:8568 with status UP (replication=true)
2019-07-23 23:36:58.185  INFO 15057 --- [a-EvictionTimer] c.n.e.registry.AbstractInstanceRegistry  : Running the evict task with compensationTime 1ms
2019-07-23 23:37:58.192  INFO 15057 --- [a-EvictionTimer] c.n.e.registry.AbstractInstanceRegistry  : Running the evict task with compensationTime 5ms
2019-07-23 23:38:58.194  INFO 15057 --- [a-EvictionTimer] c.n.e.registry.AbstractInstanceRegistry  : Running the evict task with compensationTime 2ms
2019-07-23 23:39:58.195  INFO 15057 --- [a-EvictionTimer] c.n.e.registry.AbstractInstanceRegistry  : Running the evict task with compensationTime 0ms
2019-07-23 23:40:58.200  INFO 15057 --- [a-EvictionTimer] c.n.e.registry.AbstractInstanceRegistry  : Running the evict task with compensationTime 3ms
2019-07-23 23:41:58.206  INFO 15057 --- [a-EvictionTimer] c.n.e.registry.AbstractInstanceRegistry  : Running the evict task with compensationTime 4ms
2019-07-23 23:42:58.207  INFO 15057 --- [a-EvictionTimer] c.n.e.registry.AbstractInstanceRegistry  : Running the evict task with compensationTime 3ms
2019-07-23 23:43:58.212  INFO 15057 --- [a-EvictionTimer] c.n.e.registry.AbstractInstanceRegistry  : Running the evict task with compensationTime 4ms
2019-07-23 23:44:57.805  INFO 15057 --- [hresholdUpdater] c.n.e.r.PeerAwareInstanceRegistryImpl    : Current renewal threshold is : 0
2019-07-23 23:44:58.212  INFO 15057 --- [a-EvictionTimer] c.n.e.registry.AbstractInstanceRegistry  : Running the evict task with compensationTime 1ms
2019-07-23 23:45:58.213  INFO 15057 --- [a-EvictionTimer] c.n.e.registry.AbstractInstanceRegistry  : Running the evict task with compensationTime 0ms
2019-07-23 23:46:58.214  INFO 15057 --- [a-EvictionTimer] c.n.e.registry.AbstractInstanceRegistry  : Running the evict task with compensationTime 1ms
2019-07-23 23:47:58.215  INFO 15057 --- [a-EvictionTimer] c.n.e.registry.AbstractInstanceRegistry  : Running the evict task with compensationTime 0ms
2019-07-23 23:48:58.225  INFO 15057 --- [a-EvictionTimer] c.n.e.registry.AbstractInstanceRegistry  : Running the evict task with compensationTime 8ms
2019-07-23 23:49:58.234  INFO 15057 --- [a-EvictionTimer] c.n.e.registry.AbstractInstanceRegistry  : Running the evict task with compensationTime 9ms
2019-07-23 23:50:58.237  INFO 15057 --- [a-EvictionTimer] c.n.e.registry.AbstractInstanceRegistry  : Running the evict task with compensationTime 2ms
2019-07-23 23:51:58.242  INFO 15057 --- [a-EvictionTimer] c.n.e.registry.AbstractInstanceRegistry  : Running the evict task with compensationTime 4ms
2019-07-23 23:52:58.243  INFO 15057 --- [a-EvictionTimer] c.n.e.registry.AbstractInstanceRegistry  : Running the evict task with compensationTime 0ms
2019-07-23 23:53:58.243  INFO 15057 --- [a-EvictionTimer] c.n.e.registry.AbstractInstanceRegistry  : Running the evict task with compensationTime 0ms
2019-07-23 23:54:58.247  INFO 15057 --- [a-EvictionTimer] c.n.e.registry.AbstractInstanceRegistry  : Running the evict task with compensationTime 3ms
2019-07-23 23:55:58.250  INFO 15057 --- [a-EvictionTimer] c.n.e.registry.AbstractInstanceRegistry  : Running the evict task with compensationTime 2ms
2019-07-23 23:56:58.252  INFO 15057 --- [a-EvictionTimer] c.n.e.registry.AbstractInstanceRegistry  : Running the evict task with compensationTime 0ms
2019-07-23 23:57:58.256  INFO 15057 --- [a-EvictionTimer] c.n.e.registry.AbstractInstanceRegistry  : Running the evict task with compensationTime 3ms
2019-07-23 23:58:58.260  INFO 15057 --- [a-EvictionTimer] c.n.e.registry.AbstractInstanceRegistry  : Running the evict task with compensationTime 3ms
2019-07-23 23:59:57.801  INFO 15057 --- [hresholdUpdater] c.n.e.r.PeerAwareInstanceRegistryImpl    : Current renewal threshold is : 0
2019-07-23 23:59:58.268  INFO 15057 --- [a-EvictionTimer] c.n.e.registry.AbstractInstanceRegistry  : Running the evict task with compensationTime 4ms
2019-07-24 00:00:58.268  INFO 15057 --- [a-EvictionTimer] c.n.e.registry.AbstractInstanceRegistry  : Running the evict task with compensationTime 2ms
2019-07-24 00:01:58.274  INFO 15057 --- [a-EvictionTimer] c.n.e.registry.AbstractInstanceRegistry  : Running the evict task with compensationTime 3ms
2019-07-24 00:02:58.277  INFO 15057 --- [a-EvictionTimer] c.n.e.registry.AbstractInstanceRegistry  : Running the evict task with compensationTime 3ms
2019-07-24 00:03:58.282  INFO 15057 --- [a-EvictionTimer] c.n.e.registry.AbstractInstanceRegistry  : Running the evict task with compensationTime 4ms
2019-07-24 00:04:58.283  INFO 15057 --- [a-EvictionTimer] c.n.e.registry.AbstractInstanceRegistry  : Running the evict task with compensationTime 0ms
2019-07-24 00:05:58.288  INFO 15057 --- [a-EvictionTimer] c.n.e.registry.AbstractInstanceRegistry  : Running the evict task with compensationTime 4ms
2019-07-24 00:06:58.289  INFO 15057 --- [a-EvictionTimer] c.n.e.registry.AbstractInstanceRegistry  : Running the evict task with compensationTime 0ms
2019-07-24 00:07:58.291  INFO 15057 --- [a-EvictionTimer] c.n.e.registry.AbstractInstanceRegistry  : Running the evict task with compensationTime 0ms
2019-07-24 00:08:58.294  INFO 15057 --- [a-EvictionTimer] c.n.e.registry.AbstractInstanceRegistry  : Running the evict task with compensationTime 2ms
2019-07-24 00:09:58.298  INFO 15057 --- [a-EvictionTimer] c.n.e.registry.AbstractInstanceRegistry  : Running the evict task with compensationTime 3ms
2019-07-24 00:10:58.301  INFO 15057 --- [a-EvictionTimer] c.n.e.registry.AbstractInstanceRegistry  : Running the evict task with compensationTime 1ms
2019-07-24 00:11:58.302  INFO 15057 --- [a-EvictionTimer] c.n.e.registry.AbstractInstanceRegistry  : Running the evict task with compensationTime 2ms
2019-07-24 00:12:58.304  INFO 15057 --- [a-EvictionTimer] c.n.e.registry.AbstractInstanceRegistry  : Running the evict task with compensationTime 1ms
2019-07-24 00:13:58.306  INFO 15057 --- [a-EvictionTimer] c.n.e.registry.AbstractInstanceRegistry  : Running the evict task with compensationTime 1ms
2019-07-24 00:14:57.808  INFO 15057 --- [hresholdUpdater] c.n.e.r.PeerAwareInstanceRegistryImpl    : Current renewal threshold is : 0
2019-07-24 00:14:58.309  INFO 15057 --- [a-EvictionTimer] c.n.e.registry.AbstractInstanceRegistry  : Running the evict task with compensationTime 1ms
2019-07-24 00:15:58.314  INFO 15057 --- [a-EvictionTimer] c.n.e.registry.AbstractInstanceRegistry  : Running the evict task with compensationTime 5ms
2019-07-24 00:16:58.314  INFO 15057 --- [a-EvictionTimer] c.n.e.registry.AbstractInstanceRegistry  : Running the evict task with compensationTime 0ms
2019-07-24 00:17:58.315  INFO 15057 --- [a-EvictionTimer] c.n.e.registry.AbstractInstanceRegistry  : Running the evict task with compensationTime 2ms
2019-07-24 00:18:58.320  INFO 15057 --- [a-EvictionTimer] c.n.e.registry.AbstractInstanceRegistry  : Running the evict task with compensationTime 4ms
2019-07-24 00:19:03.013  INFO 15057 --- [nio-8567-exec-5] c.n.e.registry.AbstractInstanceRegistry  : Registered instance RPOVIDER-SERVICE1-HELLO/guangbindembp.lan:RPOVIDER-SERVICE1-HELLO:8568 with status DOWN (replication=false)
2019-07-24 00:19:03.539  INFO 15057 --- [nio-8567-exec-6] c.n.e.registry.AbstractInstanceRegistry  : Registered instance RPOVIDER-SERVICE1-HELLO/guangbindembp.lan:RPOVIDER-SERVICE1-HELLO:8568 with status DOWN (replication=true)
2019-07-24 00:19:06.222  INFO 15057 --- [nio-8567-exec-7] c.n.e.registry.AbstractInstanceRegistry  : Cancelled instance RPOVIDER-SERVICE1-HELLO/guangbindembp.lan:RPOVIDER-SERVICE1-HELLO:8568 (replication=false)
2019-07-24 00:19:06.762  WARN 15057 --- [io-8567-exec-10] c.n.e.registry.AbstractInstanceRegistry  : DS: Registry: cancel failed because Lease is not registered for: RPOVIDER-SERVICE1-HELLO/guangbindembp.lan:RPOVIDER-SERVICE1-HELLO:8568
2019-07-24 00:19:06.763  INFO 15057 --- [io-8567-exec-10] c.n.eureka.resources.InstanceResource    : Not Found (Cancel): RPOVIDER-SERVICE1-HELLO - guangbindembp.lan:RPOVIDER-SERVICE1-HELLO:8568
2019-07-24 00:19:06.765  WARN 15057 --- [get_127.0.0.1-7] c.n.eureka.cluster.ReplicationTask       : The replication of task RPOVIDER-SERVICE1-HELLO/guangbindembp.lan:RPOVIDER-SERVICE1-HELLO:8568:Cancel@127.0.0.1 failed with response code 404
2019-07-24 00:19:06.765  WARN 15057 --- [get_127.0.0.1-7] c.netflix.eureka.cluster.PeerEurekaNode  : RPOVIDER-SERVICE1-HELLO/guangbindembp.lan:RPOVIDER-SERVICE1-HELLO:8568:Cancel@127.0.0.1: missing entry.
2019-07-24 00:19:41.006  INFO 15057 --- [      Thread-15] ConfigServletWebServerApplicationContext : Closing org.springframework.boot.web.servlet.context.AnnotationConfigServletWebServerApplicationContext@5bf8e9f1: startup date [Tue Jul 23 23:29:49 CST 2019]; parent: org.springframework.context.annotation.AnnotationConfigApplicationContext@5e3d13f8
2019-07-24 00:19:41.024  INFO 15057 --- [      Thread-15] o.s.c.n.e.s.EurekaServiceRegistry        : Unregistering application sbr-eureka with eureka with status DOWN
2019-07-24 00:19:41.083  INFO 15057 --- [      Thread-15] o.s.c.support.DefaultLifecycleProcessor  : Stopping beans in phase 0
2019-07-24 00:19:41.097  INFO 15057 --- [      Thread-15] c.n.eureka.DefaultEurekaServerContext    : Shutting down ...
2019-07-24 00:19:41.144  INFO 15057 --- [      Thread-15] c.n.eureka.DefaultEurekaServerContext    : Shut down
2019-07-24 00:19:41.162  INFO 15057 --- [      Thread-15] o.s.j.e.a.AnnotationMBeanExporter        : Unregistering JMX-exposed beans on shutdown
2019-07-24 00:19:41.167  INFO 15057 --- [      Thread-15] o.s.j.e.a.AnnotationMBeanExporter        : Unregistering JMX-exposed beans
2019-07-24 00:19:41.211  INFO 15057 --- [      Thread-15] com.netflix.discovery.DiscoveryClient    : Shutting down DiscoveryClient ...
2019-07-24 00:19:41.212  INFO 15057 --- [      Thread-15] com.netflix.discovery.DiscoveryClient    : Completed shut down of DiscoveryClient
